==8080== Memcheck, a memory error detector
==8080== Copyright (C) 2002-2012, and GNU GPL'd, by Julian Seward et al.
==8080== Using Valgrind-3.8.1 and LibVEX; rerun with -h for copyright info
==8080== Command: ./pa02
==8080== Parent PID: 11584
==8080== 
--8080-- 
--8080-- Valgrind options:
--8080--    --tool=memcheck
--8080--    --leak-check=full
--8080--    --verbose
--8080--    --log-file=memcheck.log
--8080-- Contents of /proc/version:
--8080--   Linux version 2.6.32-431.23.3.el6.x86_64 (mockbuild@x86-027.build.eng.bos.redhat.com) (gcc version 4.4.7 20120313 (Red Hat 4.4.7-4) (GCC) ) #1 SMP Wed Jul 16 06:12:23 EDT 2014
--8080-- Arch and hwcaps: AMD64, amd64-sse3
--8080-- Page sizes: currently 4096, max supported 4096
--8080-- Valgrind library directory: /usr/lib64/valgrind
--8080-- Reading syms from /home/shay/a/chen1234/ECE264/yi/PA02/pa02
--8080-- Reading syms from /usr/lib64/valgrind/memcheck-amd64-linux
--8080--    object doesn't have a dynamic symbol table
--8080-- Reading syms from /lib64/ld-2.12.so
--8080-- Scheduler: using generic scheduler lock implementation.
--8080-- Reading suppressions file: /usr/lib64/valgrind/default.supp
==8080== embedded gdbserver: reading from /tmp/vgdb-pipe-from-vgdb-to-8080-by-chen1234-on-ecegrid-thin6.ecn.purdue.edu
==8080== embedded gdbserver: writing to   /tmp/vgdb-pipe-to-vgdb-from-8080-by-chen1234-on-ecegrid-thin6.ecn.purdue.edu
==8080== embedded gdbserver: shared mem   /tmp/vgdb-pipe-shared-mem-vgdb-8080-by-chen1234-on-ecegrid-thin6.ecn.purdue.edu
==8080== 
==8080== TO CONTROL THIS PROCESS USING vgdb (which you probably
==8080== don't want to do, unless you know exactly what you're doing,
==8080== or are doing some strange experiment):
==8080==   /usr/lib64/valgrind/../../bin/vgdb --pid=8080 ...command...
==8080== 
==8080== TO DEBUG THIS PROCESS USING GDB: start GDB like this
==8080==   /path/to/gdb ./pa02
==8080== and then give GDB the following command
==8080==   target remote | /usr/lib64/valgrind/../../bin/vgdb --pid=8080
==8080== --pid is optional if only one valgrind process is running
==8080== 
--8080-- REDIR: 0x3937017530 (strlen) redirected to 0x38049551 (vgPlain_amd64_linux_REDIR_FOR_strlen)
--8080-- Reading syms from /usr/lib64/valgrind/vgpreload_core-amd64-linux.so
--8080-- Reading syms from /usr/lib64/valgrind/vgpreload_memcheck-amd64-linux.so
--8080-- REDIR: 0x39370173a0 (index) redirected to 0x4a07bf0 (index)
--8080-- REDIR: 0x3937017420 (strcmp) redirected to 0x4a08530 (strcmp)
--8080-- Reading syms from /lib64/libc-2.12.so
--8080-- REDIR: 0x3937484cd0 (strcasecmp) redirected to 0x480155c (_vgnU_ifunc_wrapper)
--8080-- REDIR: 0x3937486f90 (strncasecmp) redirected to 0x480155c (_vgnU_ifunc_wrapper)
--8080-- REDIR: 0x3937482c40 (__GI_strrchr) redirected to 0x4a07a70 (__GI_strrchr)
--8080-- REDIR: 0x3937481160 (__GI_strlen) redirected to 0x4a07f70 (__GI_strlen)
--8080-- REDIR: 0x393748aaf0 (strchrnul) redirected to 0x4a09f10 (strchrnul)
--8080-- REDIR: 0x393747b520 (free) redirected to 0x4a06369 (free)
==8080== 
==8080== HEAP SUMMARY:
==8080==     in use at exit: 0 bytes in 0 blocks
==8080==   total heap usage: 0 allocs, 0 frees, 0 bytes allocated
==8080== 
==8080== All heap blocks were freed -- no leaks are possible
==8080== 
==8080== ERROR SUMMARY: 0 errors from 0 contexts (suppressed: 6 from 6)
--8080-- 
--8080-- used_suppression:      4 U1004-ARM-_dl_relocate_object
--8080-- used_suppression:      2 glibc-2.5.x-on-SUSE-10.2-(PPC)-2a
==8080== 
==8080== ERROR SUMMARY: 0 errors from 0 contexts (suppressed: 6 from 6)
