commit a37197ff0862ef0aeed8065e6ede00f255dec58a
Author: Yiyi Chen <chen1234@ecegrid-thin4.ecn.purdue.edu>
Date:   Sat Oct 25 20:45:11 2014 -0400

    hahahyi

commit c7388df7b884a9c59b3aa1ed4c1edfd52e99a109
Author: Yiyi Chen <chen1234@ecegrid-thin3.ecn.purdue.edu>
Date:   Sat Oct 18 17:26:50 2014 -0400

    haha

commit 64a62e9fdb935c5de6968b3738eafaf184223b64
Author: Yiyi Chen <chen1234@ecegrid-thin5.ecn.purdue.edu>
Date:   Wed Oct 8 20:01:59 2014 -0400

    yiyichen

commit 0002c3fba71c83dd9a23729835a9936bfdcfb1e9
Author: Yiyi Chen <chen1234@ecegrid-thin5.ecn.purdue.edu>
Date:   Thu Sep 18 19:55:30 2014 -0400

    chenyiyi

commit a64570a6f223f913cf4bbc98950efe806a879591
Author: Yiyi Chen <chen1234@ecegrid-thin5.ecn.purdue.edu>
Date:   Thu Sep 18 19:54:58 2014 -0400

    chen

commit dffbf840f90b9b7df767224ce71ca029c876a5a4
Author: Yiyi Chen <chen1234@ecegrid-thin5.ecn.purdue.edu>
Date:   Thu Sep 18 19:54:32 2014 -0400

    yiyi

commit 42f987dbbd1c1d1f16be1be231786d1a4e553a02
Author: Yiyi Chen <chen1234@ecegrid-thin2.ecn.purdue.edu>
Date:   Wed Aug 27 18:21:52 2014 -0400

    Start PA01

commit 819d63863bf72216f0fd94c229d1996a024f9ed6
Author: chenyiyi <chen1234@purdue.edu>
Date:   Wed Aug 27 14:39:49 2014 -0700

    Initial commit
