==42309== Memcheck, a memory error detector
==42309== Copyright (C) 2002-2012, and GNU GPL'd, by Julian Seward et al.
==42309== Using Valgrind-3.8.1 and LibVEX; rerun with -h for copyright info
==42309== Command: ./echo-lite Say Cheese
==42309== Parent PID: 29640
==42309== 
--42309-- 
--42309-- Valgrind options:
--42309--    --tool=memcheck
--42309--    --leak-check=full
--42309--    --verbose
--42309--    --log-file=memcheck.log
--42309-- Contents of /proc/version:
--42309--   Linux version 2.6.32-431.23.3.el6.x86_64 (mockbuild@x86-027.build.eng.bos.redhat.com) (gcc version 4.4.7 20120313 (Red Hat 4.4.7-4) (GCC) ) #1 SMP Wed Jul 16 06:12:23 EDT 2014
--42309-- Arch and hwcaps: AMD64, amd64-sse3-cx16-avx
--42309-- Page sizes: currently 4096, max supported 4096
--42309-- Valgrind library directory: /usr/lib64/valgrind
--42309-- Reading syms from /home/shay/a/chen1234/ECE264/yi/PA04/echo-lite
--42309-- Reading syms from /usr/lib64/valgrind/memcheck-amd64-linux
--42309--    object doesn't have a dynamic symbol table
--42309-- Reading syms from /lib64/ld-2.12.so
--42309--   Considering /usr/lib/debug/.build-id/57/bf668f99b7f5917b8d55fbb645173c9a644575.debug ..
--42309--   .. build-id is valid
--42309-- Scheduler: using generic scheduler lock implementation.
--42309-- Reading suppressions file: /usr/lib64/valgrind/default.supp
==42309== embedded gdbserver: reading from /tmp/vgdb-pipe-from-vgdb-to-42309-by-chen1234-on-ecegrid-thin5.ecn.purdue.edu
==42309== embedded gdbserver: writing to   /tmp/vgdb-pipe-to-vgdb-from-42309-by-chen1234-on-ecegrid-thin5.ecn.purdue.edu
==42309== embedded gdbserver: shared mem   /tmp/vgdb-pipe-shared-mem-vgdb-42309-by-chen1234-on-ecegrid-thin5.ecn.purdue.edu
==42309== 
==42309== TO CONTROL THIS PROCESS USING vgdb (which you probably
==42309== don't want to do, unless you know exactly what you're doing,
==42309== or are doing some strange experiment):
==42309==   /usr/lib64/valgrind/../../bin/vgdb --pid=42309 ...command...
==42309== 
==42309== TO DEBUG THIS PROCESS USING GDB: start GDB like this
==42309==   /path/to/gdb ./echo-lite
==42309== and then give GDB the following command
==42309==   target remote | /usr/lib64/valgrind/../../bin/vgdb --pid=42309
==42309== --pid is optional if only one valgrind process is running
==42309== 
--42309-- REDIR: 0x3b21017530 (strlen) redirected to 0x38049551 (vgPlain_amd64_linux_REDIR_FOR_strlen)
--42309-- Reading syms from /usr/lib64/valgrind/vgpreload_core-amd64-linux.so
--42309-- Reading syms from /usr/lib64/valgrind/vgpreload_memcheck-amd64-linux.so
--42309-- REDIR: 0x3b210173a0 (index) redirected to 0x4a07bf0 (index)
--42309-- REDIR: 0x3b21017420 (strcmp) redirected to 0x4a08530 (strcmp)
--42309-- Reading syms from /lib64/libc-2.12.so
--42309--   Considering /usr/lib/debug/.build-id/07/b5ce35eba864a01b697f5ca117e94b9248064f.debug ..
--42309--   .. build-id is valid
--42309-- REDIR: 0x3b21484cd0 (strcasecmp) redirected to 0x480155c (_vgnU_ifunc_wrapper)
--42309-- REDIR: 0x3b21486f90 (strncasecmp) redirected to 0x480155c (_vgnU_ifunc_wrapper)
--42309-- REDIR: 0x3b21482c40 (__GI_strrchr) redirected to 0x4a07a70 (__GI_strrchr)
--42309-- REDIR: 0x3b2148aaf0 (strchrnul) redirected to 0x4a09f10 (strchrnul)
--42309-- REDIR: 0x3b2147b520 (free) redirected to 0x4a06369 (free)
==42309== 
==42309== HEAP SUMMARY:
==42309==     in use at exit: 0 bytes in 0 blocks
==42309==   total heap usage: 0 allocs, 0 frees, 0 bytes allocated
==42309== 
==42309== All heap blocks were freed -- no leaks are possible
==42309== 
==42309== ERROR SUMMARY: 0 errors from 0 contexts (suppressed: 6 from 6)
--42309-- 
--42309-- used_suppression:      4 U1004-ARM-_dl_relocate_object
--42309-- used_suppression:      2 glibc-2.5.x-on-SUSE-10.2-(PPC)-2a
==42309== 
==42309== ERROR SUMMARY: 0 errors from 0 contexts (suppressed: 6 from 6)
